<?xml version='1.0'?>
<ns2:test-suite xmlns:ns2='urn:model.allure.qatools.yandex.ru' start='1649189622057' stop='1649189645121'>
    <name>Configuration test</name>
    <title>Configuration test</title>
    <test-cases>
        <test-case start='1649189622073' status='failed' stop='1649189645117'>
            <name>Hybrid</name>
            <title>Hybrid</title>
            <labels>
                <label name='language' value='javascript'/>
                <label name='framework' value='wdio'/>
                <label name='thread' value='0-0'/>
            </labels>
            <parameters>
                <parameter kind='argument' name='browser' value='chrome-100.0.4896.60'/>
            </parameters>
            <steps>
                <step start='1649189622203' status='passed' stop='1649189623487'>
                    <name>Given I create new project with random name |status code: 201|</name>
                    <title>Given I create new project with random name |status code: 201|</title>
                    <attachments/>
                    <steps/>
                </step>
                <step start='1649189623487' status='passed' stop='1649189624612'>
                    <name>And I create a new "EMAIL" survey |status code: 201|</name>
                    <title>And I create a new "EMAIL" survey |status code: 201|</title>
                    <attachments/>
                    <steps/>
                </step>
                <step start='1649189624612' status='passed' stop='1649189625574'>
                    <name>And I put draft state to be "2" |status code: 200|</name>
                    <title>And I put draft state to be "2" |status code: 200|</title>
                    <attachments/>
                    <steps/>
                </step>
                <step start='1649189625575' status='passed' stop='1649189630288'>
                    <name>And I set token in session storage to "clientToken"</name>
                    <title>And I set token in session storage to "clientToken"</title>
                    <attachments/>
                    <steps/>
                </step>
                <step start='1649189630288' status='passed' stop='1649189636339'>
                    <name>And I visit previously created survey with next url "assessment-design/survey-design"</name>
                    <title>And I visit previously created survey with next url "assessment-design/survey-design"</title>
                    <attachments/>
                    <steps/>
                </step>
                <step start='1649189636339' status='passed' stop='1649189643639'>
                    <name>And I click ok on design guidance modal</name>
                    <title>And I click ok on design guidance modal</title>
                    <attachments/>
                    <steps/>
                </step>
                <step start='1649189643639' status='passed' stop='1649189644273'>
                    <name>When I click on schedule and messaging modal</name>
                    <title>When I click on schedule and messaging modal</title>
                    <attachments/>
                    <steps/>
                </step>
                <step start='1649189644273' status='failed' stop='1649189645117'>
                    <name>Then I expect that place holder "support@example.coms" is displayed</name>
                    <title>Then I expect that place holder "support@example.coms" is displayed</title>
                    <attachments>
                        <attachment title='Screenshot' source='222064a8-1bdc-4851-9650-5ea12a76a9a4-attachment.png' type='image/png' size='119885'/>
                    </attachments>
                    <steps/>
                </step>
            </steps>
            <attachments/>
            <failure>
                <message>AssertionError</message>
                <stack-trace>AssertionError
                    + expected - actual
                
                    -false
                    +true
                
                    at CustomWorld.&lt;anonymous> (/home/andrej/selenium-cucumber/stepDefinitions/UI/third-step.js:39:98)</stack-trace>
            </failure>
        </test-case>
    </test-cases>
</ns2:test-suite>